<?xml version="1.0" encoding="UTF-8"?>
<!-- Generated by org.testng.reporters.JUnitReportReporter -->
<testsuite skipped="0" hostname="Lenin-PC" name="seleniumPrograms.AdvancedIncDell.ImageTextVerification" tests="1" failures="0" timestamp="04 May 2020 06:06:36 GMT" time="2.545" errors="0">
  <testcase name="start" time="2.545" classname="seleniumPrograms.AdvancedIncDell.ImageTextVerification"/>
</testsuite> <!-- seleniumPrograms.AdvancedIncDell.ImageTextVerification -->
