<?xml version="1.0" encoding="UTF-8"?>
<!-- Generated by org.testng.reporters.JUnitReportReporter -->
<testsuite skipped="0" hostname="Lenin-PC" name="testNGtutorial.B4Test.TestClass2" tests="1" failures="0" timestamp="31 Aug 2018 02:32:19 GMT" time="4.696" errors="0">
  <testcase name="scenario1" time="4.696" classname="testNGtutorial.B4Test.TestClass2"/>
</testsuite> <!-- testNGtutorial.B4Test.TestClass2 -->
