<?xml version="1.0" encoding="UTF-8"?>
<!-- Generated by org.testng.reporters.JUnitReportReporter -->
<testsuite skipped="0" hostname="Lenin-PC" name="seleniumPrograms.Notes.TestParallelOne" tests="8" failures="0" timestamp="29 Feb 2020 18:58:12 GMT" time="0.135" errors="0">
  <testcase name="testCaseThree" time="0.003" classname="seleniumPrograms.Notes.TestParallelOne"/>
  <testcase name="testCaseThree" time="0.028" classname="seleniumPrograms.Notes.TestParallelOne"/>
  <testcase name="testCaseFour" time="0.040" classname="seleniumPrograms.Notes.TestParallelOne"/>
  <testcase name="testCaseOne" time="0.040" classname="seleniumPrograms.Notes.TestParallelOne"/>
  <testcase name="testCaseTwo" time="0.003" classname="seleniumPrograms.Notes.TestParallelOne"/>
  <testcase name="testCaseOne" time="0.003" classname="seleniumPrograms.Notes.TestParallelOne"/>
  <testcase name="testCaseFour" time="0.015" classname="seleniumPrograms.Notes.TestParallelOne"/>
  <testcase name="testCaseTwo" time="0.003" classname="seleniumPrograms.Notes.TestParallelOne"/>
</testsuite> <!-- seleniumPrograms.Notes.TestParallelOne -->
