<?xml version="1.0" encoding="UTF-8"?>
<!-- Generated by org.testng.reporters.JUnitReportReporter -->
<testsuite skipped="0" hostname="Lenin-PC" name="testNGrelated.SmokeCases" tests="2" failures="0" timestamp="09 Apr 2020 13:59:58 GMT" time="0.010" errors="0">
  <testcase name="tc_45" time="0.005" classname="testNGrelated.SmokeCases"/>
  <testcase name="tc_45" time="0.005" classname="testNGrelated.SmokeCases"/>
</testsuite> <!-- testNGrelated.SmokeCases -->
