<?xml version="1.0" encoding="UTF-8"?>
<!-- Generated by org.testng.reporters.JUnitReportReporter -->
<testsuite skipped="0" hostname="Lenin-PC" name="testNg.TestDataBase" tests="4" failures="0" timestamp="05 Aug 2017 14:34:01 GMT" time="0.010" errors="0">
  <testcase name="testConnectMsSQL" time="0.000" classname="testNg.TestDataBase"/>
  <testcase name="testConnectMongoDB" time="0.005" classname="testNg.TestDataBase"/>
  <testcase name="testConnectOracle" time="0.003" classname="testNg.TestDataBase"/>
  <testcase name="testConnectMySQL" time="0.002" classname="testNg.TestDataBase"/>
</testsuite> <!-- testNg.TestDataBase -->
