<?xml version="1.0" encoding="UTF-8"?>
<!-- Generated by org.testng.reporters.JUnitReportReporter -->
<testsuite skipped="0" hostname="Lenin-PC" name="testNGtutorial.B4Method.TestClassMethod2" tests="4" failures="0" timestamp="06 Aug 2017 15:22:14 GMT" time="0.033" errors="0">
  <testcase name="unitLevel1" time="0.015" classname="testNGtutorial.B4Method.TestClassMethod2"/>
  <testcase name="unitLevel1" time="0.001" classname="testNGtutorial.B4Method.TestClassMethod2"/>
  <testcase name="unitLevel2" time="0.000" classname="testNGtutorial.B4Method.TestClassMethod2"/>
  <testcase name="unitLevel2" time="0.017" classname="testNGtutorial.B4Method.TestClassMethod2"/>
</testsuite> <!-- testNGtutorial.B4Method.TestClassMethod2 -->
