<?xml version="1.0" encoding="UTF-8"?>
<!-- Generated by org.testng.reporters.JUnitReportReporter -->
<testsuite skipped="0" hostname="Lenin-PC" name="testNGtutorial.B4Method.TestClass" tests="2" failures="0" timestamp="06 Aug 2017 14:23:02 GMT" time="0.024" errors="0">
  <testcase name="unitLevel1" time="0.024" classname="testNGtutorial.B4Method.TestClass"/>
  <testcase name="unitLevel2" time="0.000" classname="testNGtutorial.B4Method.TestClass"/>
</testsuite> <!-- testNGtutorial.B4Method.TestClass -->
