<?xml version="1.0" encoding="UTF-8"?>
<!-- Generated by org.testng.reporters.JUnitReportReporter -->
<testsuite skipped="0" hostname="Lenin-PC" name="testNg.BforeSuite.ChildTest1" tests="1" failures="0" timestamp="05 Aug 2017 17:26:02 GMT" time="0.031" errors="0">
  <testcase name="test1" time="0.031" classname="testNg.BforeSuite.ChildTest1"/>
</testsuite> <!-- testNg.BforeSuite.ChildTest1 -->
