<?xml version="1.0" encoding="UTF-8"?>
<!-- Generated by org.testng.reporters.JUnitReportReporter -->
<testsuite skipped="0" hostname="Lenin-PC" name="companies.intrvwQustns.WiproPractice.testngQuestionsAndPractice.GroupingTestCases" tests="5" failures="0" timestamp="08 May 2020 07:28:06 GMT" time="0.068" errors="0">
  <testcase name="g" time="0.002" classname="companies.intrvwQustns.WiproPractice.testngQuestionsAndPractice.GroupingTestCases"/>
  <testcase name="b" time="0.002" classname="companies.intrvwQustns.WiproPractice.testngQuestionsAndPractice.GroupingTestCases"/>
  <testcase name="e" time="0.003" classname="companies.intrvwQustns.WiproPractice.testngQuestionsAndPractice.GroupingTestCases"/>
  <testcase name="a" time="0.051" classname="companies.intrvwQustns.WiproPractice.testngQuestionsAndPractice.GroupingTestCases"/>
  <testcase name="d" time="0.010" classname="companies.intrvwQustns.WiproPractice.testngQuestionsAndPractice.GroupingTestCases"/>
</testsuite> <!-- companies.intrvwQustns.WiproPractice.testngQuestionsAndPractice.GroupingTestCases -->
