<?xml version="1.0" encoding="UTF-8"?>
<!-- Generated by org.testng.reporters.JUnitReportReporter -->
<testsuite hostname="Lenin-PC" name="com.test.TestA" tests="3" failures="0" timestamp="11 Apr 2019 05:55:50 GMT" time="2.346" errors="0">
  <testcase name="testPageTitleSampleA" time="2.345" classname="com.test.TestA"/>
  <testcase name="testSampleThree" time="0.000" classname="com.test.TestA"/>
  <testcase name="testSampleTwo" time="0.001" classname="com.test.TestA"/>
</testsuite> <!-- com.test.TestA -->
