<?xml version="1.0" encoding="UTF-8"?>
<!-- Generated by org.testng.reporters.JUnitReportReporter -->
<testsuite skipped="0" hostname="Lenin-PC" name="testNg.BforeSuite.TestClass" tests="2" failures="0" timestamp="05 Aug 2017 18:02:27 GMT" time="0.015" errors="0">
  <testcase name="dummyTest" time="0.015" classname="testNg.BforeSuite.TestClass"/>
  <testcase name="dummyTest" time="0.000" classname="testNg.BforeSuite.TestClass"/>
</testsuite> <!-- testNg.BforeSuite.TestClass -->
