<?xml version="1.0" encoding="UTF-8"?>
<!-- Generated by org.testng.reporters.JUnitReportReporter -->
<testsuite skipped="0" hostname="Lenin-PC" name="testNg.BforeSuite.ChildTest2" tests="2" failures="0" timestamp="05 Aug 2017 17:26:02 GMT" time="0.003" errors="0">
  <testcase name="test2" time="0.000" classname="testNg.BforeSuite.ChildTest2"/>
  <testcase name="test2" time="0.003" classname="testNg.BforeSuite.ChildTest2"/>
</testsuite> <!-- testNg.BforeSuite.ChildTest2 -->
