<?xml version="1.0" encoding="UTF-8"?>
<!-- Generated by org.testng.reporters.JUnitReportReporter -->
<testsuite skipped="0" hostname="Lenin-PC" name="testNGrelated.DataProviderWorkAround" tests="12" failures="0" timestamp="16 May 2020 15:56:18 GMT" time="0.108" errors="0">
  <testcase name="integrationTest" time="0.003" classname="testNGrelated.DataProviderWorkAround"/>
  <testcase name="validateUser" time="0.032" classname="testNGrelated.DataProviderWorkAround"/>
  <testcase name="run" time="0.001" classname="testNGrelated.DataProviderWorkAround"/>
  <testcase name="integrationTest" time="0.059" classname="testNGrelated.DataProviderWorkAround"/>
  <testcase name="run" time="0.002" classname="testNGrelated.DataProviderWorkAround"/>
  <testcase name="integrationTest" time="0.002" classname="testNGrelated.DataProviderWorkAround"/>
  <testcase name="run" time="0.002" classname="testNGrelated.DataProviderWorkAround"/>
  <testcase name="run" time="0.001" classname="testNGrelated.DataProviderWorkAround"/>
  <testcase name="validateUser" time="0.002" classname="testNGrelated.DataProviderWorkAround"/>
  <testcase name="run" time="0.002" classname="testNGrelated.DataProviderWorkAround"/>
  <testcase name="run" time="0.001" classname="testNGrelated.DataProviderWorkAround"/>
  <testcase name="validateUser" time="0.001" classname="testNGrelated.DataProviderWorkAround"/>
</testsuite> <!-- testNGrelated.DataProviderWorkAround -->
