<?xml version="1.0" encoding="UTF-8"?>
<!-- Generated by org.testng.reporters.JUnitReportReporter -->
<testsuite skipped="2" hostname="Lenin-PC" name="WiproPractice.testngQuestionsAndPractice.SkipMethodsExample" tests="2" failures="0" timestamp="07 May 2020 15:58:55 GMT" time="0.020" errors="0">
  <testcase name="testCaseConditionalSkipException" time="0.020" classname="WiproPractice.testngQuestionsAndPractice.SkipMethodsExample">
    <skipped/>
  </testcase> <!-- testCaseConditionalSkipException -->
  <testcase name="testCaseEnabling" classname="WiproPractice.testngQuestionsAndPractice.SkipMethodsExample">
    <skipped/>
  </testcase> <!-- testCaseEnabling -->
</testsuite> <!-- WiproPractice.testngQuestionsAndPractice.SkipMethodsExample -->
