<?xml version="1.0" encoding="UTF-8"?>
<!-- Generated by org.testng.reporters.JUnitReportReporter -->
<testsuite skipped="0" hostname="Lenin-PC" name="testNGtutorial.B4Test.TestClass3" tests="1" failures="0" timestamp="31 Aug 2018 02:32:19 GMT" time="4.666" errors="0">
  <testcase name="scenario2" time="4.666" classname="testNGtutorial.B4Test.TestClass3"/>
</testsuite> <!-- testNGtutorial.B4Test.TestClass3 -->
