<?xml version="1.0" encoding="UTF-8"?>
<!-- Generated by org.testng.reporters.JUnitReportReporter -->
<testsuite skipped="0" hostname="Lenin-PC" name="seleniumPrograms.Notes.WAFTry" tests="1" failures="0" timestamp="26 Jun 2019 18:35:06 GMT" time="4.103" errors="0">
  <testcase name="launch" time="4.103" classname="seleniumPrograms.Notes.WAFTry"/>
</testsuite> <!-- seleniumPrograms.Notes.WAFTry -->
