<?xml version="1.0" encoding="UTF-8"?>
<!-- Generated by org.testng.reporters.JUnitReportReporter -->
<testsuite skipped="0" hostname="Lenin-PC" name="testNGAllInOne.A" tests="2" failures="0" timestamp="09 Apr 2020 14:28:16 GMT" time="0.044" errors="0">
  <testcase name="test1" time="0.023" classname="testNGAllInOne.A"/>
  <testcase name="test2" time="0.021" classname="testNGAllInOne.A"/>
</testsuite> <!-- testNGAllInOne.A -->
