<?xml version="1.0" encoding="UTF-8"?>
<!-- Generated by org.testng.reporters.JUnitReportReporter -->
<testsuite hostname="Lenin-PC" name="com.test.TestB" tests="4" failures="0" timestamp="11 Apr 2019 05:55:50 GMT" time="2.381" errors="0">
  <testcase name="testPageTitleSampleB" time="2.381" classname="com.test.TestB"/>
  <testcase name="testSampleThree" time="0.000" classname="com.test.TestB"/>
  <testcase name="testSampleTwo" time="0.000" classname="com.test.TestB"/>
  <testcase name="testSampleOne" time="0.000" classname="com.test.TestB"/>
</testsuite> <!-- com.test.TestB -->
