<?xml version="1.0" encoding="UTF-8"?>
<!-- Generated by org.testng.reporters.JUnitReportReporter -->
<testsuite skipped="0" hostname="Lenin-PC" name="testNg.TestOrder" tests="4" failures="0" timestamp="05 Aug 2017 14:34:01 GMT" time="0.018" errors="0">
  <testcase name="testUpdateOrder" time="0.003" classname="testNg.TestOrder"/>
  <testcase name="testMakeEmptyOrder" time="0.000" classname="testNg.TestOrder"/>
  <testcase name="testMakeOrder" time="0.005" classname="testNg.TestOrder"/>
  <testcase name="testFindOrder" time="0.010" classname="testNg.TestOrder"/>
</testsuite> <!-- testNg.TestOrder -->
