<?xml version="1.0" encoding="UTF-8"?>
<!-- Generated by org.testng.reporters.JUnitReportReporter -->
<testsuite skipped="0" hostname="Lenin-PC" name="seleniumPrograms.CrossBrowserScript" tests="3" failures="0" timestamp="29 Feb 2020 19:21:51 GMT" time="42.771" errors="0">
  <testcase name="setup" time="15.131" classname="seleniumPrograms.CrossBrowserScript"/>
  <testcase name="setup" time="9.409" classname="seleniumPrograms.CrossBrowserScript"/>
  <testcase name="setup" time="18.231" classname="seleniumPrograms.CrossBrowserScript"/>
</testsuite> <!-- seleniumPrograms.CrossBrowserScript -->
