<?xml version="1.0" encoding="UTF-8"?>
<!-- Generated by org.testng.reporters.JUnitReportReporter -->
<testsuite skipped="0" hostname="Lenin-PC" name="seleniumPrograms.dellQustns.PieChartRead" tests="1" failures="0" timestamp="21 Mar 2020 15:21:24 GMT" time="8.458" errors="0">
  <testcase name="pieChart" time="8.458" classname="seleniumPrograms.dellQustns.PieChartRead"/>
</testsuite> <!-- seleniumPrograms.dellQustns.PieChartRead -->
