<?xml version="1.0" encoding="UTF-8"?>
<!-- Generated by org.testng.reporters.JUnitReportReporter -->
<testsuite skipped="0" hostname="Lenin-PC" name="seleniumPrograms.CaptureScreenshot" tests="1" failures="0" timestamp="20 Feb 2019 17:39:12 GMT" time="79.211" errors="0">
  <testcase name="captureScreenMethod" time="79.211" classname="seleniumPrograms.CaptureScreenshot"/>
</testsuite> <!-- seleniumPrograms.CaptureScreenshot -->
