<?xml version="1.0" encoding="UTF-8"?>
<!-- Generated by org.testng.reporters.JUnitReportReporter -->
<testsuite skipped="0" hostname="Lenin-PC" name="seleniumPrograms.AdvancedIncDell.DownloadFileToChrome" tests="1" failures="0" timestamp="22 Mar 2020 04:39:52 GMT" time="12.807" errors="0">
  <testcase name="downloadFileTest" time="12.807" classname="seleniumPrograms.AdvancedIncDell.DownloadFileToChrome"/>
</testsuite> <!-- seleniumPrograms.AdvancedIncDell.DownloadFileToChrome -->
