<?xml version="1.0" encoding="UTF-8"?>
<!-- Generated by org.testng.reporters.JUnitReportReporter -->
<testsuite skipped="0" hostname="Lenin-PC" name="testNGtutorial.failedTestCasesRerun.mukeshotwaniway1.TestCase1" tests="1" failures="0" timestamp="28 Mar 2020 05:53:57 GMT" time="0.003" errors="0">
  <testcase name="testfb" time="0.003" classname="testNGtutorial.failedTestCasesRerun.mukeshotwaniway1.TestCase1"/>
</testsuite> <!-- testNGtutorial.failedTestCasesRerun.mukeshotwaniway1.TestCase1 -->
