<?xml version="1.0" encoding="UTF-8"?>
<!-- Generated by org.testng.reporters.JUnitReportReporter -->
<testsuite skipped="0" hostname="Lenin-PC" name="testNGtutorial.B4Method.TestClassMethod" tests="2" failures="0" timestamp="31 Aug 2018 02:35:51 GMT" time="0.017" errors="0">
  <testcase name="unitLevel1" time="0.017" classname="testNGtutorial.B4Method.TestClassMethod"/>
  <testcase name="unitLevel2" time="0.000" classname="testNGtutorial.B4Method.TestClassMethod"/>
</testsuite> <!-- testNGtutorial.B4Method.TestClassMethod -->
