<?xml version="1.0" encoding="UTF-8"?>
<!-- Generated by org.testng.reporters.JUnitReportReporter -->
<testsuite skipped="0" hostname="Lenin-PC" name="seleniumPrograms.CreateSignUpFacebook" tests="2" failures="0" timestamp="27 Jul 2019 06:15:40 GMT" time="58.178" errors="0">
  <testcase name="createsignup" time="31.395" classname="seleniumPrograms.CreateSignUpFacebook"/>
  <testcase name="createsignup" time="26.783" classname="seleniumPrograms.CreateSignUpFacebook"/>
</testsuite> <!-- seleniumPrograms.CreateSignUpFacebook -->
