<?xml version="1.0" encoding="UTF-8"?>
<!-- Generated by org.testng.reporters.JUnitReportReporter -->
<testsuite skipped="0" hostname="Lenin-PC" name="testNGrelated.RegressionCases" tests="4" failures="0" timestamp="09 Apr 2020 13:59:58 GMT" time="0.029" errors="0">
  <testcase name="tc_4" time="0.004" classname="testNGrelated.RegressionCases"/>
  <testcase name="tc_3" time="0.002" classname="testNGrelated.RegressionCases"/>
  <testcase name="tc_3" time="0.021" classname="testNGrelated.RegressionCases"/>
  <testcase name="tc_4" time="0.002" classname="testNGrelated.RegressionCases"/>
</testsuite> <!-- testNGrelated.RegressionCases -->
