<?xml version="1.0" encoding="UTF-8"?>
<!-- Generated by org.testng.reporters.JUnitReportReporter -->
<testsuite skipped="0" hostname="Lenin-PC" name="testNGtutorial.failedTestCasesRerun.mukeshotwaniway1.TestCase2" tests="1" failures="0" timestamp="28 Mar 2020 05:53:57 GMT" time="0.024" errors="0">
  <testcase name="testtwitter" time="0.024" classname="testNGtutorial.failedTestCasesRerun.mukeshotwaniway1.TestCase2"/>
</testsuite> <!-- testNGtutorial.failedTestCasesRerun.mukeshotwaniway1.TestCase2 -->
