<?xml version="1.0" encoding="UTF-8"?>
<!-- Generated by org.testng.reporters.JUnitReportReporter -->
<testsuite skipped="0" hostname="Lenin-PC" name="testNGtutorial.B4Test.TestClass1" tests="2" failures="0" timestamp="31 Aug 2018 02:32:19 GMT" time="21.519" errors="0">
  <testcase name="unitLevel2" time="9.316" classname="testNGtutorial.B4Test.TestClass1"/>
  <testcase name="unitLevel1" time="12.203" classname="testNGtutorial.B4Test.TestClass1"/>
</testsuite> <!-- testNGtutorial.B4Test.TestClass1 -->
